  ALWD1.cpp
D:\Uni\ACS\ALWD1\ALWD1\ALWD1\Calculator.h(178,21): warning C4244: инициализация: преобразование "_Rep" в "double", возможна потеря данных
D:\Uni\ACS\ALWD1\ALWD1\ALWD1\Calculator.h(178,21): warning C4244:         with
D:\Uni\ACS\ALWD1\ALWD1\ALWD1\Calculator.h(178,21): warning C4244:         [
D:\Uni\ACS\ALWD1\ALWD1\ALWD1\Calculator.h(178,21): warning C4244:             _Rep=__int64
D:\Uni\ACS\ALWD1\ALWD1\ALWD1\Calculator.h(178,21): warning C4244:         ]
  (компиляция исходного файла "ALWD1.cpp")
  D:\Uni\ACS\ALWD1\ALWD1\ALWD1\Calculator.h(178,21):
  контекст создания экземпляра шаблона (сначала самый старый)
  	D:\Uni\ACS\ALWD1\ALWD1\ALWD1\ALWD1.cpp(20,26):
  	выполняется компиляция ссылки на экземпляр класс шаблон функции "Calculator<DataType>"
  	D:\Uni\ACS\ALWD1\ALWD1\ALWD1\Calculator.h(165,1):
  	во время компиляции функции-члена класс шаблон "std::pair<T,T> Calculator<T>::Calculate(T,T)"
          with
          [
              T=DataType
          ]
  		D:\Uni\ACS\ALWD1\ALWD1\ALWD1\ALWD1.cpp(23,24):
  		см. первую ссылку на Calculator<DataType>::Calculate "main"
  
  ALWD1.vcxproj -> D:\Uni\ACS\ALWD1\ALWD1\Debug\ALWD1.exe
